# JRE version: Java(TM) SE Runtime Environment (18.0.1.1+2) (build 18.0.1.1+2-6)
# Java VM: Java HotSpot(TM) 64-Bit Server VM (18.0.1.1+2-6, mixed mode, sharing, tiered, compressed oops, compressed class ptrs, g1 gc, windows-amd64)
GC Precious Log:
 CardTable entry size: 512
 Card Set container configuration: InlinePtr #cards 5 size 8 Array Of Cards #cards 12 size 40 Howl #buckets 4 coarsen threshold 1843 Howl Bitmap #cards 512 size 80 coarsen threshold 460 Card regions per heap region 1 cards per card region 2048
 CPUs: 4 total, 4 available
 Memory: 8057M
 Large Page Support: Disabled
 NUMA Support: Disabled
 Compressed Oops: Enabled (32-bit)
 Heap Region Size: 1M
 Heap Min Capacity: 8M
 Heap Initial Capacity: 126M
 Heap Max Capacity: 2016M
 Pre-touch: Disabled
 Parallel Workers: 4
 Concurrent Workers: 1
 Concurrent Refinement Workers: 4
 Periodic GC: Disabled
Heap:
 garbage-first heap   total 81920K, used 27297K [0x0000000082000000, 0x0000000100000000)
  region size 1024K, 5 young (5120K), 4 survivors (4096K)
 Metaspace       used 64455K, committed 64896K, reserved 1114112K
  class space    used 8238K, committed 8448K, reserved 1048576K
GC Heap History (20 events):
Event: 34.631 GC heap before
{Heap before GC invocations=16 (full 0):
 garbage-first heap   total 68608K, used 53709K [0x0000000082000000, 0x0000000100000000)
  region size 1024K, 36 young (36864K), 3 survivors (3072K)
 Metaspace       used 43090K, committed 43520K, reserved 1114112K
  class space    used 5424K, committed 5632K, reserved 1048576K
}
Event: 34.637 GC heap after
{Heap after GC invocations=17 (full 0):
 garbage-first heap   total 68608K, used 20554K [0x0000000082000000, 0x0000000100000000)
  region size 1024K, 3 young (3072K), 3 survivors (3072K)
 Metaspace       used 43090K, committed 43520K, reserved 1114112K
  class space    used 5424K, committed 5632K, reserved 1048576K
}
Event: 35.185 GC heap before
{Heap before GC invocations=17 (full 0):
 garbage-first heap   total 68608K, used 55370K [0x0000000082000000, 0x0000000100000000)
  region size 1024K, 37 young (37888K), 3 survivors (3072K)
 Metaspace       used 46588K, committed 46976K, reserved 1114112K
  class space    used 5902K, committed 6080K, reserved 1048576K
}
Event: 35.195 GC heap after
{Heap after GC invocations=18 (full 0):
 garbage-first heap   total 68608K, used 21542K [0x0000000082000000, 0x0000000100000000)
  region size 1024K, 3 young (3072K), 3 survivors (3072K)
 Metaspace       used 46588K, committed 46976K, reserved 1114112K
  class space    used 5902K, committed 6080K, reserved 1048576K
}
Event: 35.784 GC heap before
{Heap before GC invocations=18 (full 0):
 garbage-first heap   total 68608K, used 56358K [0x0000000082000000, 0x0000000100000000)
  region size 1024K, 37 young (37888K), 3 survivors (3072K)
 Metaspace       used 49999K, committed 50368K, reserved 1114112K
  class space    used 6454K, committed 6656K, reserved 1048576K
}
Event: 35.792 GC heap after
{Heap after GC invocations=19 (full 0):
 garbage-first heap   total 68608K, used 21999K [0x0000000082000000, 0x0000000100000000)
  region size 1024K, 2 young (2048K), 2 survivors (2048K)
 Metaspace       used 49999K, committed 50368K, reserved 1114112K
  class space    used 6454K, committed 6656K, reserved 1048576K
}
Event: 105.348 GC heap before
{Heap before GC invocations=19 (full 0):
 garbage-first heap   total 68608K, used 55791K [0x0000000082000000, 0x0000000100000000)
  region size 1024K, 35 young (35840K), 2 survivors (2048K)
 Metaspace       used 53054K, committed 53440K, reserved 1114112K
  class space    used 6863K, committed 7040K, reserved 1048576K
}
Event: 105.356 GC heap after
{Heap after GC invocations=20 (full 0):
 garbage-first heap   total 82944K, used 23490K [0x0000000082000000, 0x0000000100000000)
  region size 1024K, 4 young (4096K), 4 survivors (4096K)
 Metaspace       used 53054K, committed 53440K, reserved 1114112K
  class space    used 6863K, committed 7040K, reserved 1048576K
}
Event: 106.198 GC heap before
{Heap before GC invocations=20 (full 0):
 garbage-first heap   total 82944K, used 66498K [0x0000000082000000, 0x0000000100000000)
  region size 1024K, 46 young (47104K), 4 survivors (4096K)
 Metaspace       used 56736K, committed 57152K, reserved 1114112K
  class space    used 7355K, committed 7552K, reserved 1048576K
}
Event: 106.207 GC heap after
{Heap after GC invocations=21 (full 0):
 garbage-first heap   total 82944K, used 25379K [0x0000000082000000, 0x0000000100000000)
  region size 1024K, 5 young (5120K), 5 survivors (5120K)
 Metaspace       used 56736K, committed 57152K, reserved 1114112K
  class space    used 7355K, committed 7552K, reserved 1048576K
}
Event: 130.408 GC heap before
{Heap before GC invocations=21 (full 0):
 garbage-first heap   total 82944K, used 67363K [0x0000000082000000, 0x0000000100000000)
  region size 1024K, 46 young (47104K), 5 survivors (5120K)
 Metaspace       used 60434K, committed 60864K, reserved 1114112K
  class space    used 7818K, committed 8000K, reserved 1048576K
}
Event: 130.425 GC heap after
{Heap after GC invocations=22 (full 0):
 garbage-first heap   total 82944K, used 27089K [0x0000000082000000, 0x0000000100000000)
  region size 1024K, 4 young (4096K), 4 survivors (4096K)
 Metaspace       used 60434K, committed 60864K, reserved 1114112K
  class space    used 7818K, committed 8000K, reserved 1048576K
}
Event: 130.478 GC heap before
{Heap before GC invocations=22 (full 0):
 garbage-first heap   total 82944K, used 28113K [0x0000000082000000, 0x0000000100000000)
  region size 1024K, 6 young (6144K), 4 survivors (4096K)
 Metaspace       used 60630K, committed 61056K, reserved 1114112K
  class space    used 7844K, committed 8064K, reserved 1048576K
}
Event: 130.488 GC heap after
{Heap after GC invocations=23 (full 0):
 garbage-first heap   total 82944K, used 27307K [0x0000000082000000, 0x0000000100000000)
  region size 1024K, 3 young (3072K), 3 survivors (3072K)
 Metaspace       used 60630K, committed 61056K, reserved 1114112K
  class space    used 7844K, committed 8064K, reserved 1048576K
}
Event: 749.210 GC heap before
{Heap before GC invocations=24 (full 0):
 garbage-first heap   total 82944K, used 65195K [0x0000000082000000, 0x0000000100000000)
  region size 1024K, 41 young (41984K), 3 survivors (3072K)
 Metaspace       used 63628K, committed 64064K, reserved 1114112K
  class space    used 8202K, committed 8384K, reserved 1048576K
}
Event: 749.226 GC heap after
{Heap after GC invocations=25 (full 0):
 garbage-first heap   total 82944K, used 28047K [0x0000000082000000, 0x0000000100000000)
  region size 1024K, 3 young (3072K), 3 survivors (3072K)
 Metaspace       used 63628K, committed 64064K, reserved 1114112K
  class space    used 8202K, committed 8384K, reserved 1048576K
}
Event: 1256.924 GC heap before
{Heap before GC invocations=25 (full 0):
 garbage-first heap   total 82944K, used 39311K [0x0000000082000000, 0x0000000100000000)
  region size 1024K, 15 young (15360K), 3 survivors (3072K)
 Metaspace       used 63790K, committed 64256K, reserved 1114112K
  class space    used 8226K, committed 8448K, reserved 1048576K
}
Event: 1257.015 GC heap after
{Heap after GC invocations=26 (full 1):
 garbage-first heap   total 81920K, used 24097K [0x0000000082000000, 0x0000000100000000)
  region size 1024K, 0 young (0K), 0 survivors (0K)
 Metaspace       used 63790K, committed 64256K, reserved 1114112K
  class space    used 8226K, committed 8448K, reserved 1048576K
}
Event: 1272.557 GC heap before
{Heap before GC invocations=26 (full 1):
 garbage-first heap   total 81920K, used 67105K [0x0000000082000000, 0x0000000100000000)
  region size 1024K, 43 young (44032K), 0 survivors (0K)
 Metaspace       used 64444K, committed 64896K, reserved 1114112K
  class space    used 8237K, committed 8448K, reserved 1048576K
}
Event: 1272.571 GC heap after
{Heap after GC invocations=27 (full 1):
 garbage-first heap   total 81920K, used 27297K [0x0000000082000000, 0x0000000100000000)
  region size 1024K, 4 young (4096K), 4 survivors (4096K)
 Metaspace       used 64444K, committed 64896K, reserved 1114112K
  class space    used 8237K, committed 8448K, reserved 1048576K
}

